<?xml version="1.0" encoding="UTF-8" ?>
<testsuite tests="15" failures="0" name="impostos.TrabalhadorContaOutremTest" time="0.133" errors="0" skipped="13">
  <properties>
[...]
</properties>
  <testcase classname="impostos.TrabalhadorContaOutremTest" name="testSetEscalao1RendimentosTrabalho" time="0">
    <skipped/>
  </testcase>
  <testcase classname="impostos.TrabalhadorContaOutremTest" name="testEqualsOtherCases" time="0.001"/>
  <testcase classname="impostos.TrabalhadorContaOutremTest" name="testEqualsSuper" time="0.005"/>
  <testcase classname="impostos.TrabalhadorContaOutremTest" name="testGetTaxaRendimentosTrabalho1" time="0.006">
    <skipped/>
  </testcase>
  <testcase classname="impostos.TrabalhadorContaOutremTest" name="testGetTaxaRendimentosTrabalho2" time="0.007">
    <skipped/>
  </testcase>
  <testcase classname="impostos.TrabalhadorContaOutremTest" name="testGetEmpresa" time="0.007">
    <skipped/>
  </testcase>
  <testcase classname="impostos.TrabalhadorContaOutremTest" name="testToString" time="0.008">
    <skipped/>
  </testcase>
  <testcase classname="impostos.TrabalhadorContaOutremTest" name="testObterTaxaOutrosRendimentos" time="0.008">
    <skipped/>
  </testcase>
  <testcase classname="impostos.TrabalhadorContaOutremTest" name="testSetTaxaOutrosRendimentos" time="0.008">
    <skipped/>
  </testcase>
  <testcase classname="impostos.TrabalhadorContaOutremTest" name="testSetEmpresa" time="0.009">
    <skipped/>
  </testcase>
  <testcase classname="impostos.TrabalhadorContaOutremTest" name="testGetTaxaOutrosRendimentos" time="0.009">
    <skipped/>
  </testcase>
  <testcase classname="impostos.TrabalhadorContaOutremTest" name="testSetTaxaRendimentosTrabalho1" time="0.009">
    <skipped/>
  </testcase>
  <testcase classname="impostos.TrabalhadorContaOutremTest" name="testSetTaxaRendimentosTrabalho2" time="0.009">
    <skipped/>
  </testcase>
  <testcase classname="impostos.TrabalhadorContaOutremTest" name="testObterTaxaRendimentosTrabalho" time="0.009">
    <skipped/>
  </testcase>
  <testcase classname="impostos.TrabalhadorContaOutremTest" name="testGetEscalao1RendimentosTrabalho" time="0.009">
    <skipped/>
  </testcase>
</testsuite>